La casa de papel
Raw
WWE SmackDown
WWE WrestleMania
La familia Mitchell vs. las máquinas
Bloom Into You
A la caza de espíritus malignos
Cincuenta sombras más oscuras
Cincuenta sombras de Grey
Cincuenta sombras liberadas
Curso intensivo de amor
El amor es como el chachachá
Demon Slayer
Latte y la piedra de agua mágica
Amor en la puerta de al lado
Si la vida te da mandarinas...
Pasión de Gavilanes
The Walking Dead
El juego del calamar
Vivo
Miraculous
¡No estás invitada a mi bat mitzvá!
Pollonejo y el hámster de la oscuridad
Plankton
Sakamoto Days
La reina del flow
13 horas
Jurassic World
Un lugar en silencio
Adorable criatura
Estado eléctrico
Adolescencia
Luis Miguel - La serie
Paquita la del Barrio
La chica enmascarada
Contraataque
Bad Boys para siempre
Escupiré sobre sus tumbas
Accidente
Maremoto
El restaurante del diablo
La maldición de Hill House
Belleza verdadera
Ranma1/2
Bastion 36
Tonterías de amor
Las hermanas Guerra
La laguna azul
Hasta que la plata nos separe
The Resident
Desde mi cielo
Transformers
Susurros mortales 2
Ponyo y el secreto de la sirenita
El increíble castillo vagabundo
Halo
El último exorcismo
Oni-Goroshi
El protegido
Día cero
Equipaje de mano
Dr.STONE
Dragon Ball Daima
Los dos hemisferios de Lucca
El niño y la garza
Uncharted
Nuevo rico, nuevo pobre
Shrek 2
Sexo/Vida
La Pena Máxima 2
Spider-Man
La joven francesa
Pasillos de hospital
King the Land
El milagro del padre Stu
De vuelta a la acción
Su vida privada
El monstruo de la vieja Seúl
Herederos
Ella de día, otra de noche
N.º 24
Cuando el teléfono suena
Agente bajo fuego
Luz negra
El nacimiento de una belleza
Hechizados
Seis Triple Ocho
Día del atentado
Ghostbusters
Hombres de negro
El negocio familiar
Kung Fu Panda
Minions
Dr. House
Jake Paul vs. Mike Tyson
Nadie quiere esto
Escuela nocturna
Angry Birds 2
Sing
KENGAN ASHURA
The Sound of Your Heart
Una aventura en Marruecos
El precio de la verdad
Breaking Bad
La pareja perfecta
El amor vuelve a casa
Los feos
Jujutsu Kaisen
En nombre del amor
De regreso a casa
La cabaña
Rebel Ridge
La boda de mi mejor amigo
Pobres divas
Los tipos malos
Gracia y coraje
Baki Hanma vs. Kengan Ashura
Un juego vs. el destino
Amor en la ciudad
Víspera
Un detective suelto en Hollywood
El interés del amor
Amor garantizado
Ella nunca lo sabría
A Fall from Grace
Difícil de romper
Pinceladas de amor
Sing 2
Goyo
Las inclemencias del amor
Ya te extraño
Una chica del siglo XX
Chocolate
El rey
Una vida maravillosa
Un amor para recordar
Corazones malheridos
Eric
Aterrizaje de emergencia en tu corazón
Urgencias existenciales
Cuatro hermanos
El gran casamiento
Propuesta laboral
El abismo de Kiruna
Guía de viaje hacia el amor
Los colores del mal
Siempre el mismo día
Cuarentones
La era de hielo
Mi adorable demonio
Atlas
Dios no está muerto
Bridgerton
¡Qué viaje con papá!
Marca de vida
Un día lluvioso en Nueva York
Luna sin miel
La madre de la novia
La reina de las lágrimas
El Pájaro Loco se va de campamento
El sentido de la vida
Si solo pudiera imaginar
El negocio del dolor
Secuestro del vuelo 601
Expedientes de lo inexplicable
El corazón del cazador
Un deseo irlandés
Como si fuera la primera vez
Spenser
Solteras
Triple frontera
Mi villano favorito 2
Los 100
Reto de valientes
El paseo 7
El cielo sí existe
Power Rangers
El astronauta
Damsel
La influencer
Celebridad
¿Por qué me casé?
Preparadas, listas, ¡amor!
Cyberpunk
The Witcher
El ejército de los muertos
Shrek
Death Note
El increíble mundo de Gumball
Jaula mental
Black Mirror
Alejandro Magno
NARUTO
Lo imposible
Boruto
Estación zombie
365 días
365 días más
12 horas para sobrevivir
The Dirt
Un papá pirata
Bienvenidos a Edén
MILF
Soltera, casada, viuda, divorciada
Fuga de reinas
Tú me entiendes
La batalla de Kamdesh
El ejército de los ladrones
La sociedad de la nieve
Ola de calor
El cuerpo en llamas
Los principios del placer
John Wick 3
Élite historias breves
La noche de la expiación
La Purga por siempre
John Wick 2
Somos lo que comemos
¡Scooby-Doo! Misterios, S.A.
El sonido de la magia
Patrulla de cachorros
One Piece
Chef's Table
Francotirador 6
Los ilusionistas 2
Jumanji
Quédate conmigo, Doraemon
Los juegos del hambre
Riverdale
El libro de la vida
Pollitos en fuga
Berlín
Hechos polvo
Warrior Nun
El niñero
Rebel Moon (Parte uno)
Nowhere
Woo, una abogada extraordinaria
La gloria
Héctor el Father
Easy
La ley de los audaces
Obsesión
Sin novedad en el frente
Alice in Borderland
Mech Cadets
Solo los valientes
Mirada indiscreta
Amigos salvajes 4
Black Summer
Más allá del universo
Rápidos y furiosos 7
Peaky Blinders
Sonic Prime
El ADN del delito
Rápidos y furiosos
El Grinch
Rápidos y furiosos 9
Estamos muertos
Familia revuelta
Shrek Ogrorosa la Navidad
Naruto Shippuden
Vikingos
Los tres mosqueteros
Leo
Octonautas
Una Navidad de locos
Cyberbunker
Vacaciones de verano
Angry Birds
No manches,  Frida
Pokémon
Preguntados
Triviaverso
Escapa del Undertaker
Viajes definitivos Pokémon
Santiago de los mares
Los héroes del apocalipsis
Grizzy y los lemmings
Sabrina
Jugada de rey
Kitty feroz
Miniespías
Agente Stone
El Pacífico
Érase una vez un asesinato
ONE PIECE
Bob Esponja
Los Croods
El niño que domó el viento
¿Quién es Erin Carter?
Las Super-4
Go Karts
El dilema de las redes sociales
Al descubierto
Monstermanía
Clifford, el gran perro rojo
Medicina letal
xXx
Paradise
Zom 100
Intoxicación
Plan de estudios
Rotten
Un sueño
Proyecto Extracción
PAW Patrol
Los pitufos
Street Food
La divina gula
Chef cinco estrellas
La batalla del año
Record of Ragnarok
Andes mágicos
Cash
Unos suegros de armas tomar
Mixed by Erry
Dirty Money
Rompan todo
Sangre y oro
¡Asu Mare! Los amigos
Samurái X
Black Knight
Franco Escamilla
La madre
Obra de tu mente
Pablo Escobar, el patrón del mal
Se busca papá
Sociedad de consumo
Alias
¡Que viva México!
Dedicada a mi ex
Los Pitufos
The Umbrella Academy
Resident Evil
Hambre
Siete reyes deben morir
Sandman
Sombra y hueso
Misterio a la vista
The Blacklist
De chatarras a carrazos
El agente nocturno
Re/Member
La casa de los abuelos
Madagascar 3
Lucifer
